<?xml version="1.0" encoding="UTF-8"?>
<robot generator="Robot 4.0.2 (Python 3.7.6 on darwin)" generated="20211018 16:52:38.917" rpa="false" schemaversion="2">
<suite id="s1" name="Tcdemo" source="/Users/vanitawashington/PycharmProjects/TopcoderAutomationDemo/tests/tcdemo.robot">
<test id="s1-t1" name="NavBar and NavBar Items Present">
<kw name="Begin Web Test" library="common" type="SETUP">
<kw name="Open Browser" library="SeleniumLibrary">
<arg>${URL}</arg>
<arg>${BROWSER}</arg>
<doc>Opens a new browser instance to the optional ``url``.</doc>
<msg timestamp="20211018 16:52:42.349" level="INFO">Opening browser 'chrome' to base url 'https://www.topcoder.com'.</msg>
<status status="PASS" starttime="20211018 16:52:42.349" endtime="20211018 16:52:53.070"/>
</kw>
<kw name="Maximize Browser Window" library="SeleniumLibrary">
<doc>Maximizes current browser window.</doc>
<status status="PASS" starttime="20211018 16:52:53.071" endtime="20211018 16:52:53.284"/>
</kw>
<kw name="Dismiss Playbook Alert" library="playbookalert">
<kw name="Set Selenium Implicit Wait" library="SeleniumLibrary">
<arg>5s</arg>
<doc>Sets the implicit wait value used by Selenium.</doc>
<status status="PASS" starttime="20211018 16:52:53.284" endtime="20211018 16:52:53.287"/>
</kw>
<kw name="Press Keys" library="SeleniumLibrary">
<arg>None</arg>
<arg>ESC</arg>
<doc>Simulates the user pressing key(s) to an element or on the active browser.</doc>
<msg timestamp="20211018 16:52:53.288" level="INFO">Sending key(s) ('ESC',) to page.</msg>
<msg timestamp="20211018 16:52:53.288" level="INFO">Pressing special key ESCAPE to browser.</msg>
<msg timestamp="20211018 16:52:53.289" level="INFO">Releasing special key ESCAPE.</msg>
<status status="PASS" starttime="20211018 16:52:53.287" endtime="20211018 16:52:53.464"/>
</kw>
<status status="PASS" starttime="20211018 16:52:53.284" endtime="20211018 16:52:53.464"/>
</kw>
<status status="PASS" starttime="20211018 16:52:42.348" endtime="20211018 16:52:53.464"/>
</kw>
<kw name="NavBar Visible" library="homenav">
<kw name="Element Should Be Visible" library="SeleniumLibrary">
<arg>//div[@class='container max1280']</arg>
<doc>Verifies that the element identified by ``locator`` is visible.</doc>
<msg timestamp="20211018 16:52:53.664" level="INFO">Element '//div[@class='container max1280']' is displayed.</msg>
<status status="PASS" starttime="20211018 16:52:53.465" endtime="20211018 16:52:53.664"/>
</kw>
<status status="PASS" starttime="20211018 16:52:53.465" endtime="20211018 16:52:53.665"/>
</kw>
<kw name="NavBar Items Visible" library="homenav">
<kw name="Element Should Be Visible" library="SeleniumLibrary">
<arg>//*[@id="menu-item-41902"]/a</arg>
<doc>Verifies that the element identified by ``locator`` is visible.</doc>
<msg timestamp="20211018 16:52:53.700" level="INFO">Element '//*[@id="menu-item-41902"]/a' is displayed.</msg>
<status status="PASS" starttime="20211018 16:52:53.665" endtime="20211018 16:52:53.701"/>
</kw>
<kw name="Element Should Be Visible" library="SeleniumLibrary">
<arg>//*[@id="menu-item-41320"]/a</arg>
<doc>Verifies that the element identified by ``locator`` is visible.</doc>
<msg timestamp="20211018 16:52:53.730" level="INFO">Element '//*[@id="menu-item-41320"]/a' is displayed.</msg>
<status status="PASS" starttime="20211018 16:52:53.701" endtime="20211018 16:52:53.730"/>
</kw>
<kw name="Element Should Be Visible" library="SeleniumLibrary">
<arg>//*[@id="menu-item-41349"]/a</arg>
<doc>Verifies that the element identified by ``locator`` is visible.</doc>
<msg timestamp="20211018 16:52:53.752" level="INFO">Element '//*[@id="menu-item-41349"]/a' is displayed.</msg>
<status status="PASS" starttime="20211018 16:52:53.730" endtime="20211018 16:52:53.752"/>
</kw>
<kw name="Element Should Be Visible" library="SeleniumLibrary">
<arg>//*[@id="menu-item-41332"]/a</arg>
<doc>Verifies that the element identified by ``locator`` is visible.</doc>
<msg timestamp="20211018 16:52:53.781" level="INFO">Element '//*[@id="menu-item-41332"]/a' is displayed.</msg>
<status status="PASS" starttime="20211018 16:52:53.752" endtime="20211018 16:52:53.781"/>
</kw>
<kw name="Element Should Be Visible" library="SeleniumLibrary">
<arg>//*[@id="menu-item-41364"]/a</arg>
<doc>Verifies that the element identified by ``locator`` is visible.</doc>
<msg timestamp="20211018 16:52:53.811" level="INFO">Element '//*[@id="menu-item-41364"]/a' is displayed.</msg>
<status status="PASS" starttime="20211018 16:52:53.781" endtime="20211018 16:52:53.811"/>
</kw>
<kw name="Element Should Be Visible" library="SeleniumLibrary">
<arg>//*[@id="menu-item-41365"]/a</arg>
<doc>Verifies that the element identified by ``locator`` is visible.</doc>
<msg timestamp="20211018 16:52:53.833" level="INFO">Element '//*[@id="menu-item-41365"]/a' is displayed.</msg>
<status status="PASS" starttime="20211018 16:52:53.811" endtime="20211018 16:52:53.833"/>
</kw>
<kw name="Element Should Be Visible" library="SeleniumLibrary">
<arg>//a[@id='button_talent_not_logged']</arg>
<doc>Verifies that the element identified by ``locator`` is visible.</doc>
<msg timestamp="20211018 16:52:53.861" level="INFO">Element '//a[@id='button_talent_not_logged']' is displayed.</msg>
<status status="PASS" starttime="20211018 16:52:53.833" endtime="20211018 16:52:53.861"/>
</kw>
<kw name="Element Should Be Visible" library="SeleniumLibrary">
<arg>//a[@id='button_login']</arg>
<doc>Verifies that the element identified by ``locator`` is visible.</doc>
<msg timestamp="20211018 16:52:53.882" level="INFO">Element '//a[@id='button_login']' is displayed.</msg>
<status status="PASS" starttime="20211018 16:52:53.861" endtime="20211018 16:52:53.882"/>
</kw>
<kw name="Element Should Be Visible" library="SeleniumLibrary">
<arg>//a[@id='button_signup']</arg>
<doc>Verifies that the element identified by ``locator`` is visible.</doc>
<msg timestamp="20211018 16:52:53.910" level="INFO">Element '//a[@id='button_signup']' is displayed.</msg>
<status status="PASS" starttime="20211018 16:52:53.883" endtime="20211018 16:52:53.910"/>
</kw>
<status status="PASS" starttime="20211018 16:52:53.665" endtime="20211018 16:52:53.911"/>
</kw>
<kw name="End Web Test" library="common" type="TEARDOWN">
<kw name="Close Browser" library="SeleniumLibrary">
<doc>Closes the current browser.</doc>
<status status="PASS" starttime="20211018 16:52:53.911" endtime="20211018 16:52:54.041"/>
</kw>
<status status="PASS" starttime="20211018 16:52:53.911" endtime="20211018 16:52:54.042"/>
</kw>
<status status="PASS" starttime="20211018 16:52:42.348" endtime="20211018 16:52:54.042"/>
</test>
<test id="s1-t2" name="Contact Us Form">
<kw name="Begin Web Test" library="common" type="SETUP">
<kw name="Open Browser" library="SeleniumLibrary">
<arg>${URL}</arg>
<arg>${BROWSER}</arg>
<doc>Opens a new browser instance to the optional ``url``.</doc>
<msg timestamp="20211018 16:52:54.044" level="INFO">Opening browser 'chrome' to base url 'https://www.topcoder.com'.</msg>
<status status="PASS" starttime="20211018 16:52:54.044" endtime="20211018 16:53:02.890"/>
</kw>
<kw name="Maximize Browser Window" library="SeleniumLibrary">
<doc>Maximizes current browser window.</doc>
<status status="PASS" starttime="20211018 16:53:02.891" endtime="20211018 16:53:03.139"/>
</kw>
<kw name="Dismiss Playbook Alert" library="playbookalert">
<kw name="Set Selenium Implicit Wait" library="SeleniumLibrary">
<arg>5s</arg>
<doc>Sets the implicit wait value used by Selenium.</doc>
<status status="PASS" starttime="20211018 16:53:03.146" endtime="20211018 16:53:03.157"/>
</kw>
<kw name="Press Keys" library="SeleniumLibrary">
<arg>None</arg>
<arg>ESC</arg>
<doc>Simulates the user pressing key(s) to an element or on the active browser.</doc>
<msg timestamp="20211018 16:53:03.158" level="INFO">Sending key(s) ('ESC',) to page.</msg>
<msg timestamp="20211018 16:53:03.158" level="INFO">Pressing special key ESCAPE to browser.</msg>
<msg timestamp="20211018 16:53:03.158" level="INFO">Releasing special key ESCAPE.</msg>
<status status="PASS" starttime="20211018 16:53:03.158" endtime="20211018 16:53:03.226"/>
</kw>
<status status="PASS" starttime="20211018 16:53:03.139" endtime="20211018 16:53:03.227"/>
</kw>
<status status="PASS" starttime="20211018 16:52:54.043" endtime="20211018 16:53:03.227"/>
</kw>
<kw name="Contact Form Displays" library="contactus">
<kw name="Execute Javascript" library="SeleniumLibrary">
<arg>window.scrollTo(0, document.body.scrollHeight)</arg>
<doc>Executes the given JavaScript code with possible arguments.</doc>
<msg timestamp="20211018 16:53:03.228" level="INFO">Executing JavaScript:
window.scrollTo(0, document.body.scrollHeight)
Without any arguments.</msg>
<status status="PASS" starttime="20211018 16:53:03.228" endtime="20211018 16:53:03.399"/>
</kw>
<kw name="Click Element" library="SeleniumLibrary">
<arg>//a[normalize-space()='Contact Us']</arg>
<doc>Click the element identified by ``locator``.</doc>
<msg timestamp="20211018 16:53:03.400" level="INFO">Clicking element '//a[normalize-space()='Contact Us']'.</msg>
<status status="PASS" starttime="20211018 16:53:03.400" endtime="20211018 16:53:05.515"/>
</kw>
<kw name="Location Should Be" library="SeleniumLibrary">
<arg>${Contact_URL}</arg>
<doc>Verifies that the current URL is exactly ``url``.</doc>
<msg timestamp="20211018 16:53:05.522" level="INFO">Current location is 'https://go.topcoder.com/contact/'.</msg>
<status status="PASS" starttime="20211018 16:53:05.515" endtime="20211018 16:53:05.522"/>
</kw>
<kw name="Execute Javascript" library="SeleniumLibrary">
<arg>history.back()</arg>
<doc>Executes the given JavaScript code with possible arguments.</doc>
<msg timestamp="20211018 16:53:05.523" level="INFO">Executing JavaScript:
history.back()
Without any arguments.</msg>
<status status="PASS" starttime="20211018 16:53:05.522" endtime="20211018 16:53:05.528"/>
</kw>
<status status="PASS" starttime="20211018 16:53:03.227" endtime="20211018 16:53:05.528"/>
</kw>
<kw name="End Web Test" library="common" type="TEARDOWN">
<kw name="Close Browser" library="SeleniumLibrary">
<doc>Closes the current browser.</doc>
<status status="PASS" starttime="20211018 16:53:05.529" endtime="20211018 16:53:05.659"/>
</kw>
<status status="PASS" starttime="20211018 16:53:05.529" endtime="20211018 16:53:05.659"/>
</kw>
<status status="PASS" starttime="20211018 16:52:54.042" endtime="20211018 16:53:05.659"/>
</test>
<test id="s1-t3" name="Open Challenge Listing Page">
<kw name="Begin Web Test" library="common" type="SETUP">
<kw name="Open Browser" library="SeleniumLibrary">
<arg>${URL}</arg>
<arg>${BROWSER}</arg>
<doc>Opens a new browser instance to the optional ``url``.</doc>
<msg timestamp="20211018 16:53:05.662" level="INFO">Opening browser 'chrome' to base url 'https://www.topcoder.com'.</msg>
<status status="PASS" starttime="20211018 16:53:05.662" endtime="20211018 16:53:12.768"/>
</kw>
<kw name="Maximize Browser Window" library="SeleniumLibrary">
<doc>Maximizes current browser window.</doc>
<status status="PASS" starttime="20211018 16:53:12.768" endtime="20211018 16:53:13.016"/>
</kw>
<kw name="Dismiss Playbook Alert" library="playbookalert">
<kw name="Set Selenium Implicit Wait" library="SeleniumLibrary">
<arg>5s</arg>
<doc>Sets the implicit wait value used by Selenium.</doc>
<status status="PASS" starttime="20211018 16:53:13.017" endtime="20211018 16:53:13.019"/>
</kw>
<kw name="Press Keys" library="SeleniumLibrary">
<arg>None</arg>
<arg>ESC</arg>
<doc>Simulates the user pressing key(s) to an element or on the active browser.</doc>
<msg timestamp="20211018 16:53:13.020" level="INFO">Sending key(s) ('ESC',) to page.</msg>
<msg timestamp="20211018 16:53:13.021" level="INFO">Pressing special key ESCAPE to browser.</msg>
<msg timestamp="20211018 16:53:13.021" level="INFO">Releasing special key ESCAPE.</msg>
<status status="PASS" starttime="20211018 16:53:13.019" endtime="20211018 16:53:13.056"/>
</kw>
<status status="PASS" starttime="20211018 16:53:13.016" endtime="20211018 16:53:13.056"/>
</kw>
<status status="PASS" starttime="20211018 16:53:05.661" endtime="20211018 16:53:13.056"/>
</kw>
<kw name="View Challenges" library="listchallenges">
<kw name="Click Element" library="SeleniumLibrary">
<arg>//a[@id='button_talent_not_logged']</arg>
<doc>Click the element identified by ``locator``.</doc>
<msg timestamp="20211018 16:53:13.060" level="INFO">Clicking element '//a[@id='button_talent_not_logged']'.</msg>
<status status="PASS" starttime="20211018 16:53:13.059" endtime="20211018 16:53:19.458"/>
</kw>
<kw name="Location Should Be" library="SeleniumLibrary">
<arg>https://www.topcoder.com/community/learn</arg>
<doc>Verifies that the current URL is exactly ``url``.</doc>
<msg timestamp="20211018 16:53:19.462" level="INFO">Current location is 'https://www.topcoder.com/community/learn'.</msg>
<status status="PASS" starttime="20211018 16:53:19.458" endtime="20211018 16:53:19.462"/>
</kw>
<kw name="Click Element" library="SeleniumLibrary">
<arg>//a[normalize-space()='FIND A CHALLENGE']</arg>
<doc>Click the element identified by ``locator``.</doc>
<msg timestamp="20211018 16:53:19.462" level="INFO">Clicking element '//a[normalize-space()='FIND A CHALLENGE']'.</msg>
<status status="PASS" starttime="20211018 16:53:19.462" endtime="20211018 16:53:19.571"/>
</kw>
<kw name="Switch Window" library="SeleniumLibrary">
<arg>title:Topcoder Challenge Listings | Topcoder Community | Topcoder</arg>
<doc>Switches to browser window matching ``locator``.</doc>
<status status="PASS" starttime="20211018 16:53:19.572" endtime="20211018 16:53:22.108"/>
</kw>
<kw name="Location Should Contain" library="SeleniumLibrary">
<arg>https://www.topcoder.com/challenges</arg>
<doc>Verifies that the current URL contains ``expected``.</doc>
<msg timestamp="20211018 16:53:22.111" level="INFO">Current location contains 'https://www.topcoder.com/challenges'.</msg>
<status status="PASS" starttime="20211018 16:53:22.108" endtime="20211018 16:53:22.111"/>
</kw>
<status status="PASS" starttime="20211018 16:53:13.057" endtime="20211018 16:53:22.111"/>
</kw>
<kw name="End Web Test" library="common" type="TEARDOWN">
<kw name="Close Browser" library="SeleniumLibrary">
<doc>Closes the current browser.</doc>
<status status="PASS" starttime="20211018 16:53:22.112" endtime="20211018 16:53:22.301"/>
</kw>
<status status="PASS" starttime="20211018 16:53:22.112" endtime="20211018 16:53:22.301"/>
</kw>
<status status="PASS" starttime="20211018 16:53:05.660" endtime="20211018 16:53:22.301"/>
</test>
<test id="s1-t4" name="Invalid Username or Password">
<kw name="Begin Web Test" library="common" type="SETUP">
<kw name="Open Browser" library="SeleniumLibrary">
<arg>${URL}</arg>
<arg>${BROWSER}</arg>
<doc>Opens a new browser instance to the optional ``url``.</doc>
<msg timestamp="20211018 16:53:22.304" level="INFO">Opening browser 'chrome' to base url 'https://www.topcoder.com'.</msg>
<status status="PASS" starttime="20211018 16:53:22.303" endtime="20211018 16:53:29.614"/>
</kw>
<kw name="Maximize Browser Window" library="SeleniumLibrary">
<doc>Maximizes current browser window.</doc>
<status status="PASS" starttime="20211018 16:53:29.615" endtime="20211018 16:53:29.870"/>
</kw>
<kw name="Dismiss Playbook Alert" library="playbookalert">
<kw name="Set Selenium Implicit Wait" library="SeleniumLibrary">
<arg>5s</arg>
<doc>Sets the implicit wait value used by Selenium.</doc>
<status status="PASS" starttime="20211018 16:53:29.871" endtime="20211018 16:53:29.875"/>
</kw>
<kw name="Press Keys" library="SeleniumLibrary">
<arg>None</arg>
<arg>ESC</arg>
<doc>Simulates the user pressing key(s) to an element or on the active browser.</doc>
<msg timestamp="20211018 16:53:29.876" level="INFO">Sending key(s) ('ESC',) to page.</msg>
<msg timestamp="20211018 16:53:29.876" level="INFO">Pressing special key ESCAPE to browser.</msg>
<msg timestamp="20211018 16:53:29.876" level="INFO">Releasing special key ESCAPE.</msg>
<status status="PASS" starttime="20211018 16:53:29.875" endtime="20211018 16:53:29.904"/>
</kw>
<status status="PASS" starttime="20211018 16:53:29.870" endtime="20211018 16:53:29.904"/>
</kw>
<status status="PASS" starttime="20211018 16:53:22.303" endtime="20211018 16:53:29.904"/>
</kw>
<kw name="Invalid Username or Password" library="login">
<kw name="Click Element" library="SeleniumLibrary">
<arg>//a[@id='button_login']</arg>
<doc>Click the element identified by ``locator``.</doc>
<msg timestamp="20211018 16:53:29.905" level="INFO">Clicking element '//a[@id='button_login']'.</msg>
<status status="PASS" starttime="20211018 16:53:29.905" endtime="20211018 16:53:30.640"/>
</kw>
<kw name="Wait Until Page Contains" library="SeleniumLibrary">
<arg>Topcoder Login</arg>
<doc>Waits until ``text`` appears on the current page.</doc>
<status status="PASS" starttime="20211018 16:53:30.640" endtime="20211018 16:53:32.177"/>
</kw>
<kw name="Location Should Contain" library="SeleniumLibrary">
<arg>${Login_URL}</arg>
<doc>Verifies that the current URL contains ``expected``.</doc>
<msg timestamp="20211018 16:53:32.185" level="INFO">Current location contains 'https://auth.topcoder.com/login?'.</msg>
<status status="PASS" starttime="20211018 16:53:32.177" endtime="20211018 16:53:32.185"/>
</kw>
<kw name="Input Text" library="SeleniumLibrary">
<arg>//input[@placeholder='Username / Handle']</arg>
<arg>${TC_Handle}</arg>
<doc>Types the given ``text`` into the text field identified by ``locator``.</doc>
<msg timestamp="20211018 16:53:32.185" level="INFO">Typing text 'ChuckyCheestman' into text field '//input[@placeholder='Username / Handle']'.</msg>
<status status="PASS" starttime="20211018 16:53:32.185" endtime="20211018 16:53:33.684"/>
</kw>
<kw name="Input Text" library="SeleniumLibrary">
<arg>//input[@placeholder='Password']</arg>
<arg>${Password}</arg>
<doc>Types the given ``text`` into the text field identified by ``locator``.</doc>
<msg timestamp="20211018 16:53:33.685" level="INFO">Typing text 'Chessemaster9' into text field '//input[@placeholder='Password']'.</msg>
<status status="PASS" starttime="20211018 16:53:33.684" endtime="20211018 16:53:33.808"/>
</kw>
<kw name="Click Element" library="SeleniumLibrary">
<arg>//button[@name='submit']</arg>
<doc>Click the element identified by ``locator``.</doc>
<msg timestamp="20211018 16:53:33.809" level="INFO">Clicking element '//button[@name='submit']'.</msg>
<status status="PASS" starttime="20211018 16:53:33.809" endtime="20211018 16:53:33.880"/>
</kw>
<kw name="Page Should Contain" library="SeleniumLibrary">
<arg>Wrong username or password</arg>
<doc>Verifies that current page contains ``text``.</doc>
<msg timestamp="20211018 16:53:35.287" level="INFO">Current page contains text 'Wrong username or password'.</msg>
<status status="PASS" starttime="20211018 16:53:33.880" endtime="20211018 16:53:35.287"/>
</kw>
<status status="PASS" starttime="20211018 16:53:29.904" endtime="20211018 16:53:35.287"/>
</kw>
<kw name="End Web Test" library="common" type="TEARDOWN">
<kw name="Close Browser" library="SeleniumLibrary">
<doc>Closes the current browser.</doc>
<status status="PASS" starttime="20211018 16:53:35.288" endtime="20211018 16:53:35.413"/>
</kw>
<status status="PASS" starttime="20211018 16:53:35.287" endtime="20211018 16:53:35.414"/>
</kw>
<status status="PASS" starttime="20211018 16:53:22.302" endtime="20211018 16:53:35.414"/>
</test>
<test id="s1-t5" name="Invalid Signup">
<kw name="Begin Web Test" library="common" type="SETUP">
<kw name="Open Browser" library="SeleniumLibrary">
<arg>${URL}</arg>
<arg>${BROWSER}</arg>
<doc>Opens a new browser instance to the optional ``url``.</doc>
<msg timestamp="20211018 16:53:35.419" level="INFO">Opening browser 'chrome' to base url 'https://www.topcoder.com'.</msg>
<status status="PASS" starttime="20211018 16:53:35.418" endtime="20211018 16:53:42.119"/>
</kw>
<kw name="Maximize Browser Window" library="SeleniumLibrary">
<doc>Maximizes current browser window.</doc>
<status status="PASS" starttime="20211018 16:53:42.120" endtime="20211018 16:53:42.412"/>
</kw>
<kw name="Dismiss Playbook Alert" library="playbookalert">
<kw name="Set Selenium Implicit Wait" library="SeleniumLibrary">
<arg>5s</arg>
<doc>Sets the implicit wait value used by Selenium.</doc>
<status status="PASS" starttime="20211018 16:53:42.413" endtime="20211018 16:53:42.415"/>
</kw>
<kw name="Press Keys" library="SeleniumLibrary">
<arg>None</arg>
<arg>ESC</arg>
<doc>Simulates the user pressing key(s) to an element or on the active browser.</doc>
<msg timestamp="20211018 16:53:42.416" level="INFO">Sending key(s) ('ESC',) to page.</msg>
<msg timestamp="20211018 16:53:42.416" level="INFO">Pressing special key ESCAPE to browser.</msg>
<msg timestamp="20211018 16:53:42.416" level="INFO">Releasing special key ESCAPE.</msg>
<status status="PASS" starttime="20211018 16:53:42.415" endtime="20211018 16:53:42.469"/>
</kw>
<status status="PASS" starttime="20211018 16:53:42.412" endtime="20211018 16:53:42.469"/>
</kw>
<status status="PASS" starttime="20211018 16:53:35.417" endtime="20211018 16:53:42.469"/>
</kw>
<kw name="Invalid Topcoder Handle" library="signup">
<kw name="Click Element" library="SeleniumLibrary">
<arg>//a[@id='button_signup']</arg>
<doc>Click the element identified by ``locator``.</doc>
<msg timestamp="20211018 16:53:42.470" level="INFO">Clicking element '//a[@id='button_signup']'.</msg>
<status status="PASS" starttime="20211018 16:53:42.470" endtime="20211018 16:53:44.767"/>
</kw>
<kw name="Wait Until Page Contains" library="SeleniumLibrary">
<arg>JOIN TOPCODER</arg>
<doc>Waits until ``text`` appears on the current page.</doc>
<status status="PASS" starttime="20211018 16:53:44.767" endtime="20211018 16:53:44.801"/>
</kw>
<kw name="Location Should Be" library="SeleniumLibrary">
<arg>${Signup_URL}</arg>
<doc>Verifies that the current URL is exactly ``url``.</doc>
<msg timestamp="20211018 16:53:44.811" level="INFO">Current location is 'https://www.topcoder.com/user-selection/'.</msg>
<status status="PASS" starttime="20211018 16:53:44.802" endtime="20211018 16:53:44.811"/>
</kw>
<kw name="Click Element" library="SeleniumLibrary">
<arg>//a[contains(text(),'I’M THE TALENT')]</arg>
<doc>Click the element identified by ``locator``.</doc>
<msg timestamp="20211018 16:53:44.812" level="INFO">Clicking element '//a[contains(text(),'I’M THE TALENT')]'.</msg>
<status status="PASS" starttime="20211018 16:53:44.811" endtime="20211018 16:53:44.871"/>
</kw>
<kw name="Input Text" library="SeleniumLibrary">
<arg>//input[@id='1-firstName']</arg>
<arg>${First_Name}</arg>
<doc>Types the given ``text`` into the text field identified by ``locator``.</doc>
<msg timestamp="20211018 16:53:44.871" level="INFO">Typing text 'Chucky' into text field '//input[@id='1-firstName']'.</msg>
<status status="PASS" starttime="20211018 16:53:44.871" endtime="20211018 16:53:47.562"/>
</kw>
<kw name="Input Text" library="SeleniumLibrary">
<arg>//input[@id='1-lastName']</arg>
<arg>${Last_Name}</arg>
<doc>Types the given ``text`` into the text field identified by ``locator``.</doc>
<msg timestamp="20211018 16:53:47.563" level="INFO">Typing text 'Cheestman' into text field '//input[@id='1-lastName']'.</msg>
<status status="PASS" starttime="20211018 16:53:47.562" endtime="20211018 16:53:47.673"/>
</kw>
<kw name="Input Text" library="SeleniumLibrary">
<arg>//input[@id='1-email']</arg>
<arg>${Email_Address}</arg>
<doc>Types the given ``text`` into the text field identified by ``locator``.</doc>
<msg timestamp="20211018 16:53:47.674" level="INFO">Typing text 'chuckycheester@xyz.com' into text field '//input[@id='1-email']'.</msg>
<status status="PASS" starttime="20211018 16:53:47.673" endtime="20211018 16:53:47.826"/>
</kw>
<kw name="Input Text" library="SeleniumLibrary">
<arg>//input[@placeholder='Create a Username / Handle']</arg>
<arg>${New_Handle}</arg>
<doc>Types the given ``text`` into the text field identified by ``locator``.</doc>
<msg timestamp="20211018 16:53:47.826" level="INFO">Typing text 'Vtester' into text field '//input[@placeholder='Create a Username / Handle']'.</msg>
<status status="PASS" starttime="20211018 16:53:47.826" endtime="20211018 16:53:47.915"/>
</kw>
<kw name="Input Text" library="SeleniumLibrary">
<arg>//input[@placeholder='Create a Password']</arg>
<arg>${Password}</arg>
<doc>Types the given ``text`` into the text field identified by ``locator``.</doc>
<msg timestamp="20211018 16:53:47.915" level="INFO">Typing text 'Chessemaster9' into text field '//input[@placeholder='Create a Password']'.</msg>
<status status="PASS" starttime="20211018 16:53:47.915" endtime="20211018 16:53:48.045"/>
</kw>
<kw name="Double Click Element" library="SeleniumLibrary">
<arg>//input[@id='1-country']</arg>
<doc>Double clicks the element identified by ``locator``.</doc>
<msg timestamp="20211018 16:53:48.046" level="INFO">Double clicking element '//input[@id='1-country']'.</msg>
<status status="PASS" starttime="20211018 16:53:48.046" endtime="20211018 16:53:48.386"/>
</kw>
<kw name="Click Element" library="SeleniumLibrary">
<arg>${Checkbox_XPath}</arg>
<doc>Click the element identified by ``locator``.</doc>
<msg timestamp="20211018 16:53:48.387" level="INFO">Clicking element '//span[@class='auth0-lock-sign-up-terms-agreement']//input[@value='on']'.</msg>
<status status="PASS" starttime="20211018 16:53:48.387" endtime="20211018 16:53:48.440"/>
</kw>
<kw name="Checkbox Should Be Selected" library="SeleniumLibrary">
<arg>${Checkbox_XPath}</arg>
<doc>Verifies checkbox ``locator`` is selected/checked.</doc>
<msg timestamp="20211018 16:53:48.440" level="INFO">Verifying checkbox '//span[@class='auth0-lock-sign-up-terms-agreement']//input[@value='on']' is selected.</msg>
<status status="PASS" starttime="20211018 16:53:48.440" endtime="20211018 16:53:48.460"/>
</kw>
<kw name="Click Element" library="SeleniumLibrary">
<arg>//button[@name='submit']</arg>
<doc>Click the element identified by ``locator``.</doc>
<msg timestamp="20211018 16:53:48.460" level="INFO">Clicking element '//button[@name='submit']'.</msg>
<status status="PASS" starttime="20211018 16:53:48.460" endtime="20211018 16:53:48.505"/>
</kw>
<kw name="Page Should Contain" library="SeleniumLibrary">
<arg>The user already exists</arg>
<doc>Verifies that current page contains ``text``.</doc>
<msg timestamp="20211018 16:53:48.518" level="INFO">Current page contains text 'The user already exists'.</msg>
<status status="PASS" starttime="20211018 16:53:48.506" endtime="20211018 16:53:48.518"/>
</kw>
<status status="PASS" starttime="20211018 16:53:42.469" endtime="20211018 16:53:48.518"/>
</kw>
<kw name="End Web Test" library="common" type="TEARDOWN">
<kw name="Close Browser" library="SeleniumLibrary">
<doc>Closes the current browser.</doc>
<status status="PASS" starttime="20211018 16:53:48.519" endtime="20211018 16:53:48.659"/>
</kw>
<status status="PASS" starttime="20211018 16:53:48.518" endtime="20211018 16:53:48.659"/>
</kw>
<status status="PASS" starttime="20211018 16:53:35.416" endtime="20211018 16:53:48.659"/>
</test>
<doc>This is a demo project to practice the basic concepts of Robot Framework without writing any code.
Precondition -- User not logged in.</doc>
<status status="PASS" starttime="20211018 16:52:39.054" endtime="20211018 16:53:48.662"/>
</suite>
<statistics>
<total>
<stat pass="5" fail="0" skip="0">All Tests</stat>
</total>
<tag>
</tag>
<suite>
<stat pass="5" fail="0" skip="0" id="s1" name="Tcdemo">Tcdemo</stat>
</suite>
</statistics>
<errors>
</errors>
</robot>
